<?xml version="1.0" encoding="UTF-8"?>
<!DOCTYPE mapper PUBLIC 
	"-//mybatis.org//DTD Mapper 3.0//EN" 
	"https://mybatis.org/dtd/mybatis-3-mapper.dtd">
	
<mapper namespace="com.ohmija.repository.TestDAO">

	<select id="selectVersion" resultType="string">
		select banner from v$version
	</select>
	
</mapper>

